0 verbose cli /usr/local/bin/node /usr/local/bin/npm
1 info using npm@10.8.2
2 info using node@v20.19.0
3 silly config load:file:/usr/local/lib/node_modules/npm/npmrc
4 silly config load:file:/data/.npmrc
5 silly config load:file:/usr/src/node-red/.npmrc
6 silly config load:file:/usr/local/etc/npmrc
7 verbose title npm install node-red-contrib-postgresql@0.14.2
8 verbose argv "install" "--no-audit" "--no-update-notifier" "--no-fund" "--save" "--save-prefix" "~" "--omit" "dev" "--engine-strict" "node-red-contrib-postgresql@0.14.2"
9 verbose logfile logs-max:10 dir:/data/.npm/_logs/2025-03-31T06_02_17_027Z-
10 verbose logfile /data/.npm/_logs/2025-03-31T06_02_17_027Z-debug-0.log
11 silly packumentCache heap:2197815296 maxSize:549453824 maxEntrySize:274726912
12 silly logfile done cleaning log files
13 silly idealTree buildDeps
14 silly fetch manifest node-red-contrib-postgresql@0.14.2
15 silly packumentCache full:https://registry.npmjs.org/node-red-contrib-postgresql cache-miss
16 http fetch GET 200 https://registry.npmjs.org/node-red-contrib-postgresql 822ms (cache miss)
17 silly packumentCache full:https://registry.npmjs.org/node-red-contrib-postgresql set size:undefined disposed:false
18 silly placeDep ROOT node-red-contrib-postgresql@0.14.2 REPLACE for: node-red-project@0.0.1 want: 0.14.2
19 silly fetch manifest pg@^8.12.0
20 silly packumentCache full:https://registry.npmjs.org/pg cache-miss
21 silly fetch manifest mustache@^4.2.0
22 silly packumentCache full:https://registry.npmjs.org/mustache cache-miss
23 silly fetch manifest pg-cursor@^2.11.0
24 silly packumentCache full:https://registry.npmjs.org/pg-cursor cache-miss
25 http fetch GET 200 https://registry.npmjs.org/mustache 69ms (cache miss)
26 silly packumentCache full:https://registry.npmjs.org/mustache set size:undefined disposed:false
27 http fetch GET 200 https://registry.npmjs.org/pg 149ms (cache miss)
28 silly packumentCache full:https://registry.npmjs.org/pg set size:undefined disposed:false
29 http fetch GET 200 https://registry.npmjs.org/pg-cursor 777ms (cache miss)
30 silly packumentCache full:https://registry.npmjs.org/pg-cursor set size:undefined disposed:false
31 silly fetch manifest pg-native@>=3.0.1
32 silly packumentCache full:https://registry.npmjs.org/pg-native cache-miss
33 http fetch GET 200 https://registry.npmjs.org/pg-native 51ms (cache miss)
34 silly packumentCache full:https://registry.npmjs.org/pg-native set size:undefined disposed:false
35 silly placeDep ROOT mustache@4.2.0 OK for: node-red-contrib-postgresql@0.14.2 want: ^4.2.0
36 silly placeDep ROOT pg@8.14.1 OK for: node-red-contrib-postgresql@0.14.2 want: ^8.12.0
37 silly placeDep ROOT pg-cursor@2.13.1 OK for: node-red-contrib-postgresql@0.14.2 want: ^2.11.0
38 silly fetch manifest pg-connection-string@^2.7.0
39 silly packumentCache full:https://registry.npmjs.org/pg-connection-string cache-miss
40 silly fetch manifest pg-pool@^3.8.0
41 silly packumentCache full:https://registry.npmjs.org/pg-pool cache-miss
42 silly fetch manifest pg-protocol@^1.8.0
43 silly packumentCache full:https://registry.npmjs.org/pg-protocol cache-miss
44 silly fetch manifest pg-types@^2.1.0
45 silly packumentCache full:https://registry.npmjs.org/pg-types cache-miss
46 silly fetch manifest pgpass@1.x
47 silly packumentCache full:https://registry.npmjs.org/pgpass cache-miss
48 silly fetch manifest pg-cloudflare@^1.1.1
49 silly packumentCache full:https://registry.npmjs.org/pg-cloudflare cache-miss
50 http fetch GET 200 https://registry.npmjs.org/pg-protocol 63ms (cache miss)
51 silly packumentCache full:https://registry.npmjs.org/pg-protocol set size:undefined disposed:false
52 http fetch GET 200 https://registry.npmjs.org/pg-connection-string 652ms (cache miss)
53 silly packumentCache full:https://registry.npmjs.org/pg-connection-string set size:undefined disposed:false
54 http fetch GET 200 https://registry.npmjs.org/pg-pool 656ms (cache miss)
55 silly packumentCache full:https://registry.npmjs.org/pg-pool set size:undefined disposed:false
56 http fetch GET 200 https://registry.npmjs.org/pgpass 725ms (cache miss)
57 silly packumentCache full:https://registry.npmjs.org/pgpass set size:undefined disposed:false
58 http fetch GET 200 https://registry.npmjs.org/pg-cloudflare 746ms (cache miss)
59 silly packumentCache full:https://registry.npmjs.org/pg-cloudflare set size:undefined disposed:false
60 http fetch GET 200 https://registry.npmjs.org/pg-types 753ms (cache miss)
61 silly packumentCache full:https://registry.npmjs.org/pg-types set size:undefined disposed:false
62 silly fetch manifest pg@>=8.0
63 silly packumentCache full:https://registry.npmjs.org/pg cache-miss
64 http fetch GET 200 https://registry.npmjs.org/pg 7ms (cache hit)
65 silly packumentCache full:https://registry.npmjs.org/pg set size:436350 disposed:false
66 silly placeDep node_modules/pg pg-cloudflare@1.1.1 OK for: pg@8.14.1 want: ^1.1.1
67 silly placeDep node_modules/pg pg-connection-string@2.7.0 OK for: pg@8.14.1 want: ^2.7.0
68 silly placeDep node_modules/pg pg-pool@3.8.0 OK for: pg@8.14.1 want: ^3.8.0
69 silly placeDep node_modules/pg pg-protocol@1.8.0 OK for: pg@8.14.1 want: ^1.8.0
70 silly placeDep node_modules/pg pg-types@2.2.0 OK for: pg@8.14.1 want: ^2.1.0
71 silly placeDep node_modules/pg pgpass@1.0.5 OK for: pg@8.14.1 want: 1.x
72 silly fetch manifest pg-int8@1.0.1
73 silly packumentCache full:https://registry.npmjs.org/pg-int8 cache-miss
74 silly fetch manifest postgres-array@~2.0.0
75 silly packumentCache full:https://registry.npmjs.org/postgres-array cache-miss
76 silly fetch manifest postgres-bytea@~1.0.0
77 silly packumentCache full:https://registry.npmjs.org/postgres-bytea cache-miss
78 silly fetch manifest postgres-date@~1.0.4
79 silly packumentCache full:https://registry.npmjs.org/postgres-date cache-miss
80 silly fetch manifest postgres-interval@^1.1.0
81 silly packumentCache full:https://registry.npmjs.org/postgres-interval cache-miss
82 silly fetch manifest split2@^4.1.0
83 silly packumentCache full:https://registry.npmjs.org/split2 cache-miss
84 http fetch GET 200 https://registry.npmjs.org/pg-int8 47ms (cache miss)
85 silly packumentCache full:https://registry.npmjs.org/pg-int8 set size:undefined disposed:false
86 http fetch GET 200 https://registry.npmjs.org/postgres-array 53ms (cache miss)
87 silly packumentCache full:https://registry.npmjs.org/postgres-array set size:undefined disposed:false
88 http fetch GET 200 https://registry.npmjs.org/postgres-bytea 55ms (cache miss)
89 silly packumentCache full:https://registry.npmjs.org/postgres-bytea set size:undefined disposed:false
90 http fetch GET 200 https://registry.npmjs.org/split2 56ms (cache miss)
91 silly packumentCache full:https://registry.npmjs.org/split2 set size:undefined disposed:false
92 http fetch GET 200 https://registry.npmjs.org/postgres-interval 60ms (cache miss)
93 silly packumentCache full:https://registry.npmjs.org/postgres-interval set size:undefined disposed:false
94 http fetch GET 200 https://registry.npmjs.org/postgres-date 681ms (cache miss)
95 silly packumentCache full:https://registry.npmjs.org/postgres-date set size:undefined disposed:false
96 silly placeDep node_modules/pg pg-int8@1.0.1 OK for: pg-types@2.2.0 want: 1.0.1
97 silly placeDep node_modules/pg postgres-array@2.0.0 OK for: pg-types@2.2.0 want: ~2.0.0
98 silly placeDep node_modules/pg postgres-bytea@1.0.0 OK for: pg-types@2.2.0 want: ~1.0.0
99 silly placeDep node_modules/pg postgres-date@1.0.7 OK for: pg-types@2.2.0 want: ~1.0.4
100 silly placeDep node_modules/pg postgres-interval@1.2.0 OK for: pg-types@2.2.0 want: ^1.1.0
101 silly fetch manifest xtend@^4.0.0
102 silly packumentCache full:https://registry.npmjs.org/xtend cache-miss
103 http fetch GET 200 https://registry.npmjs.org/xtend 44ms (cache miss)
104 silly packumentCache full:https://registry.npmjs.org/xtend set size:undefined disposed:false
105 silly placeDep node_modules/pg split2@4.2.0 OK for: pgpass@1.0.5 want: ^4.1.0
106 silly placeDep node_modules/pg xtend@4.0.2 OK for: postgres-interval@1.2.0 want: ^4.0.0
107 silly reify mark retired [ '/data/node_modules/pg' ]
108 silly reify mark retired [ '/data/node_modules/mustache' ]
109 silly reify mark retired [ '/data/node_modules/node-red-contrib-postgresql' ]
110 silly reify mark retired [ '/data/node_modules/pg-cloudflare' ]
111 silly reify mark retired [ '/data/node_modules/pg-connection-string' ]
112 silly reify mark retired [ '/data/node_modules/pg-int8' ]
113 silly reify mark retired [ '/data/node_modules/pg-pool' ]
114 silly reify mark retired [ '/data/node_modules/pg-cursor' ]
115 silly reify mark retired [ '/data/node_modules/pgpass' ]
116 silly reify mark retired [ '/data/node_modules/pg-types' ]
117 silly reify mark retired [ '/data/node_modules/pg-protocol' ]
118 silly reify mark retired [ '/data/node_modules/postgres-bytea' ]
119 silly reify mark retired [ '/data/node_modules/postgres-interval' ]
120 silly reify mark retired [ '/data/node_modules/postgres-date' ]
121 silly reify mark retired [ '/data/node_modules/postgres-array' ]
122 silly reify mark retired [ '/data/node_modules/split2' ]
123 silly reify mark retired [ '/data/node_modules/xtend' ]
124 silly reify moves {
124 silly reify   '/data/node_modules/pg': '/data/node_modules/.pg-UAyuT6GF',
124 silly reify   '/data/node_modules/mustache': '/data/node_modules/.mustache-ROQ2oY93',
124 silly reify   '/data/node_modules/node-red-contrib-postgresql': '/data/node_modules/.node-red-contrib-postgresql-IYEB5yK7',
124 silly reify   '/data/node_modules/pg-cloudflare': '/data/node_modules/.pg-cloudflare-9SlD6y6H',
124 silly reify   '/data/node_modules/pg-connection-string': '/data/node_modules/.pg-connection-string-cJ1nl38n',
124 silly reify   '/data/node_modules/pg-int8': '/data/node_modules/.pg-int8-gBUoX8CQ',
124 silly reify   '/data/node_modules/pg-pool': '/data/node_modules/.pg-pool-qzBxIC0y',
124 silly reify   '/data/node_modules/pg-cursor': '/data/node_modules/.pg-cursor-Q7WoAoA4',
124 silly reify   '/data/node_modules/pgpass': '/data/node_modules/.pgpass-vCRx4PLW',
124 silly reify   '/data/node_modules/pg-types': '/data/node_modules/.pg-types-wZxxzuUP',
124 silly reify   '/data/node_modules/pg-protocol': '/data/node_modules/.pg-protocol-lUoQErD8',
124 silly reify   '/data/node_modules/postgres-bytea': '/data/node_modules/.postgres-bytea-7ONO4ad6',
124 silly reify   '/data/node_modules/postgres-interval': '/data/node_modules/.postgres-interval-bCQFrdgU',
124 silly reify   '/data/node_modules/postgres-date': '/data/node_modules/.postgres-date-0N9kjo1a',
124 silly reify   '/data/node_modules/postgres-array': '/data/node_modules/.postgres-array-9j3wHI49',
124 silly reify   '/data/node_modules/split2': '/data/node_modules/.split2-YyIajAst',
124 silly reify   '/data/node_modules/xtend': '/data/node_modules/.xtend-RyJXfljO'
124 silly reify }
125 silly tarball no local data for pg-cursor@https://registry.npmjs.org/pg-cursor/-/pg-cursor-2.13.1.tgz. Extracting by manifest.
126 silly tarball no local data for mustache@https://registry.npmjs.org/mustache/-/mustache-4.2.0.tgz. Extracting by manifest.
127 silly tarball no local data for xtend@https://registry.npmjs.org/xtend/-/xtend-4.0.2.tgz. Extracting by manifest.
128 silly tarball no local data for pg@https://registry.npmjs.org/pg/-/pg-8.14.1.tgz. Extracting by manifest.
129 silly tarball no local data for node-red-contrib-postgresql@https://registry.npmjs.org/node-red-contrib-postgresql/-/node-red-contrib-postgresql-0.14.2.tgz. Extracting by manifest.
130 silly tarball no local data for postgres-bytea@https://registry.npmjs.org/postgres-bytea/-/postgres-bytea-1.0.0.tgz. Extracting by manifest.
131 silly tarball no local data for pg-types@https://registry.npmjs.org/pg-types/-/pg-types-2.2.0.tgz. Extracting by manifest.
132 silly tarball no local data for pg-protocol@https://registry.npmjs.org/pg-protocol/-/pg-protocol-1.8.0.tgz. Extracting by manifest.
133 silly tarball no local data for pg-pool@https://registry.npmjs.org/pg-pool/-/pg-pool-3.8.0.tgz. Extracting by manifest.
134 silly tarball no local data for pg-cloudflare@https://registry.npmjs.org/pg-cloudflare/-/pg-cloudflare-1.1.1.tgz. Extracting by manifest.
135 silly tarball no local data for pg-connection-string@https://registry.npmjs.org/pg-connection-string/-/pg-connection-string-2.7.0.tgz. Extracting by manifest.
136 silly tarball no local data for pg-int8@https://registry.npmjs.org/pg-int8/-/pg-int8-1.0.1.tgz. Extracting by manifest.
137 silly tarball no local data for postgres-array@https://registry.npmjs.org/postgres-array/-/postgres-array-2.0.0.tgz. Extracting by manifest.
138 silly tarball no local data for pgpass@https://registry.npmjs.org/pgpass/-/pgpass-1.0.5.tgz. Extracting by manifest.
139 silly tarball no local data for postgres-interval@https://registry.npmjs.org/postgres-interval/-/postgres-interval-1.2.0.tgz. Extracting by manifest.
140 silly tarball no local data for split2@https://registry.npmjs.org/split2/-/split2-4.2.0.tgz. Extracting by manifest.
141 silly tarball no local data for postgres-date@https://registry.npmjs.org/postgres-date/-/postgres-date-1.0.7.tgz. Extracting by manifest.
142 http fetch GET 200 https://registry.npmjs.org/pg-cursor/-/pg-cursor-2.13.1.tgz 71ms (cache miss)
143 http fetch GET 200 https://registry.npmjs.org/postgres-bytea/-/postgres-bytea-1.0.0.tgz 123ms (cache miss)
144 http fetch GET 200 https://registry.npmjs.org/node-red-contrib-postgresql/-/node-red-contrib-postgresql-0.14.2.tgz 125ms (cache miss)
145 http fetch GET 200 https://registry.npmjs.org/xtend/-/xtend-4.0.2.tgz 130ms (cache miss)
146 http fetch GET 200 https://registry.npmjs.org/pg/-/pg-8.14.1.tgz 147ms (cache miss)
147 http fetch GET 200 https://registry.npmjs.org/split2/-/split2-4.2.0.tgz 149ms (cache miss)
148 http fetch GET 200 https://registry.npmjs.org/postgres-date/-/postgres-date-1.0.7.tgz 149ms (cache miss)
149 http fetch GET 200 https://registry.npmjs.org/mustache/-/mustache-4.2.0.tgz 164ms (cache miss)
150 http fetch GET 200 https://registry.npmjs.org/pg-int8/-/pg-int8-1.0.1.tgz 235ms (cache miss)
151 http fetch GET 200 https://registry.npmjs.org/pg-cloudflare/-/pg-cloudflare-1.1.1.tgz 240ms (cache miss)
152 http fetch GET 200 https://registry.npmjs.org/postgres-array/-/postgres-array-2.0.0.tgz 242ms (cache miss)
153 http fetch GET 200 https://registry.npmjs.org/postgres-interval/-/postgres-interval-1.2.0.tgz 243ms (cache miss)
154 http fetch GET 200 https://registry.npmjs.org/pg-connection-string/-/pg-connection-string-2.7.0.tgz 245ms (cache miss)
155 http fetch GET 200 https://registry.npmjs.org/pg-types/-/pg-types-2.2.0.tgz 249ms (cache miss)
156 http fetch GET 200 https://registry.npmjs.org/pgpass/-/pgpass-1.0.5.tgz 252ms (cache miss)
157 http fetch GET 200 https://registry.npmjs.org/pg-pool/-/pg-pool-3.8.0.tgz 260ms (cache miss)
158 http fetch GET 200 https://registry.npmjs.org/pg-protocol/-/pg-protocol-1.8.0.tgz 273ms (cache miss)
159 silly REMOVE node_modules/xtend
160 silly REMOVE node_modules/split2
161 silly REMOVE node_modules/postgres-array
162 silly REMOVE node_modules/postgres-date
163 silly REMOVE node_modules/postgres-interval
164 silly REMOVE node_modules/postgres-bytea
165 silly REMOVE node_modules/pg-protocol
166 silly REMOVE node_modules/pg-types
167 silly REMOVE node_modules/pgpass
168 silly CHANGE node_modules/pg-cursor
169 silly REMOVE node_modules/pg-pool
170 silly REMOVE node_modules/pg-int8
171 silly REMOVE node_modules/pg-connection-string
172 silly REMOVE node_modules/pg-cloudflare
173 silly CHANGE node_modules/node-red-contrib-postgresql
174 silly CHANGE node_modules/mustache
175 silly CHANGE node_modules/pg
176 silly ADD node_modules/pg/node_modules/xtend
177 silly ADD node_modules/pg/node_modules/split2
178 silly ADD node_modules/pg/node_modules/postgres-interval
179 silly ADD node_modules/pg/node_modules/postgres-date
180 silly ADD node_modules/pg/node_modules/postgres-bytea
181 silly ADD node_modules/pg/node_modules/postgres-array
182 silly ADD node_modules/pg/node_modules/pg-int8
183 silly ADD node_modules/pg/node_modules/pgpass
184 silly ADD node_modules/pg/node_modules/pg-types
185 silly ADD node_modules/pg/node_modules/pg-protocol
186 silly ADD node_modules/pg/node_modules/pg-pool
187 silly ADD node_modules/pg/node_modules/pg-connection-string
188 silly ADD node_modules/pg/node_modules/pg-cloudflare
189 verbose cwd /data
190 verbose os Linux 6.10.14-linuxkit
191 verbose node v20.19.0
192 verbose npm  v10.8.2
193 verbose exit 0
194 info ok
